<?xml version="1.0" encoding="UTF-8"?>
<testng-results ignored="0" total="1" passed="1" failed="0" skipped="0">
  <reporter-output>
  </reporter-output>
  <suite started-at="2020-04-13T13:39:57 IST" name="Default suite" finished-at="2020-04-13T13:41:21 IST" duration-ms="83866">
    <groups>
    </groups>
    <test started-at="2020-04-13T13:39:57 IST" name="Default test" finished-at="2020-04-13T13:41:21 IST" duration-ms="83866">
      <class name="runner.ReadmoreTestRunner">
        <test-method is-config="true" signature="setUP()[pri:0, instance:runner.ReadmoreTestRunner@65466a6a]" started-at="2020-04-13T13:39:57 IST" name="setUP" finished-at="2020-04-13T13:40:00 IST" duration-ms="2996" status="PASS">
          <reporter-output>
          </reporter-output>
        </test-method> <!-- setUP -->
        <test-method signature="login(cucumber.api.testng.CucumberFeatureWrapper)[pri:0, instance:runner.ReadmoreTestRunner@65466a6a]" started-at="2020-04-13T13:40:00 IST" name="login" description="login" data-provider="features" finished-at="2020-04-13T13:41:20 IST" duration-ms="79990" status="PASS">
          <params>
            <param index="0">
              <value>
                <![CDATA[Readmore about a book]]>
              </value>
            </param>
          </params>
          <reporter-output>
          </reporter-output>
        </test-method> <!-- login -->
        <test-method is-config="true" signature="tearDown()[pri:0, instance:runner.ReadmoreTestRunner@65466a6a]" started-at="2020-04-13T13:41:20 IST" name="tearDown" finished-at="2020-04-13T13:41:21 IST" duration-ms="105" status="PASS">
          <reporter-output>
          </reporter-output>
        </test-method> <!-- tearDown -->
      </class> <!-- runner.ReadmoreTestRunner -->
    </test> <!-- Default test -->
  </suite> <!-- Default suite -->
</testng-results>
